[0.004s] Invoking command in '/home/ps/ros2_ws/build/openarm_description': CONDA_PROMPT_MODIFIER=(base) /home/ps/bin/cmake /home/ps/ros2_ws/src/openarm_description -DCMAKE_INSTALL_PREFIX=/home/ps/ros2_ws/install/openarm_description
[0.027s] -- The C compiler identification is GNU 12.3.0
[0.055s] -- The CXX compiler identification is GNU 12.3.0
[0.062s] -- Detecting C compiler ABI info
[0.093s] -- Detecting C compiler ABI info - done
[0.098s] -- Check for working C compiler: /usr/bin/cc - skipped
[0.098s] -- Detecting C compile features
[0.098s] -- Detecting C compile features - done
[0.102s] -- Detecting CXX compiler ABI info
[0.135s] -- Detecting CXX compiler ABI info - done
[0.140s] -- Check for working CXX compiler: /usr/bin/c++ - skipped
[0.140s] -- Detecting CXX compile features
[0.140s] -- Detecting CXX compile features - done
[0.145s] -- Configuring incomplete, errors occurred!
[0.145s] [31mCMake Error at CMakeLists.txt:18 (find_package):
[0.145s]   By not providing "Findament_cmake.cmake" in CMAKE_MODULE_PATH this project
[0.145s]   has asked CMake to find a package configuration file provided by
[0.145s]   "ament_cmake", but CMake did not find one.
[0.145s] 
[0.145s]   Could not find a package configuration file provided by "ament_cmake" with
[0.145s]   any of the following names:
[0.145s] 
[0.145s]     ament_cmakeConfig.cmake
[0.145s]     ament_cmake-config.cmake
[0.145s] 
[0.145s]   Add the installation prefix of "ament_cmake" to CMAKE_PREFIX_PATH or set
[0.145s]   "ament_cmake_DIR" to a directory containing one of the above files.  If
[0.145s]   "ament_cmake" provides a separate development package or SDK, be sure it
[0.145s]   has been installed.
[0.145s] 
[0.145s] [0m
[0.147s] Invoked command in '/home/ps/ros2_ws/build/openarm_description' returned '1': CONDA_PROMPT_MODIFIER=(base) /home/ps/bin/cmake /home/ps/ros2_ws/src/openarm_description -DCMAKE_INSTALL_PREFIX=/home/ps/ros2_ws/install/openarm_description
